<?xml version="1.0" encoding="utf-8"?>
<coverage line-rate="0.7217" branch-rate="0.5246999999999999" version="1.9" timestamp="1776946830" lines-covered="2457" lines-valid="3404" branches-covered="647" branches-valid="1233">
  <sources>
    <source>D:\a\wiley-co-web\wiley-co-web\</source>
  </sources>
  <packages>
    <package name="WileyCoWeb" line-rate="0.7217" branch-rate="0.5246999999999999" complexity="2070">
      <classes>
        <class name="WileyCoWeb.State.CustomerFilterService" filename="State\CustomerFilterService.cs" line-rate="0.7142000000000001" branch-rate="0.5" complexity="12">
          <methods>
            <method name="FilterCustomers" signature="(System.Collections.Generic.IReadOnlyList`1&lt;WileyCoWeb.Contracts.CustomerRow&gt;,System.String,System.String,System.String)" line-rate="1" branch-rate="1" complexity="1">
              <lines>
                <line number="17" hits="124" branch="False" />
                <line number="18" hits="26" branch="False" />
                <line number="19" hits="26" branch="False" />
                <line number="20" hits="23" branch="False" />
                <line number="21" hits="124" branch="False" />
              </lines>
            </method>
            <method name="MatchesSearchTerm" signature="(WileyCoWeb.Contracts.CustomerRow,System.String)" line-rate="1" branch-rate="0.5" complexity="2">
              <lines>
                <line number="26" hits="26" branch="True" condition-coverage="50% (1/2)">
                  <conditions>
                    <condition number="6" type="jump" coverage="50%" />
                  </conditions>
                </line>
              </lines>
            </method>
            <method name="MatchesSearchFields" signature="(WileyCoWeb.Contracts.CustomerRow,System.String)" line-rate="0" branch-rate="0" complexity="4">
              <lines>
                <line number="31" hits="0" branch="True" condition-coverage="0% (0/4)">
                  <conditions>
                    <condition number="12" type="jump" coverage="0%" />
                    <condition number="26" type="jump" coverage="0%" />
                  </conditions>
                </line>
                <line number="32" hits="0" branch="False" />
                <line number="33" hits="0" branch="False" />
              </lines>
            </method>
            <method name="MatchesSearchField" signature="(System.String,System.String)" line-rate="0" branch-rate="1" complexity="1">
              <lines>
                <line number="38" hits="0" branch="False" />
              </lines>
            </method>
            <method name="MatchesServiceFilter" signature="(WileyCoWeb.Contracts.CustomerRow,System.String)" line-rate="1" branch-rate="1" complexity="2">
              <lines>
                <line number="43" hits="26" branch="True" condition-coverage="100% (2/2)">
                  <conditions>
                    <condition number="12" type="jump" coverage="100%" />
                  </conditions>
                </line>
                <line number="44" hits="26" branch="False" />
              </lines>
            </method>
            <method name="MatchesCityLimitsFilter" signature="(WileyCoWeb.Contracts.CustomerRow,System.String)" line-rate="1" branch-rate="1" complexity="2">
              <lines>
                <line number="49" hits="23" branch="True" condition-coverage="100% (2/2)">
                  <conditions>
                    <condition number="12" type="jump" coverage="100%" />
                  </conditions>
                </line>
                <line number="50" hits="23" branch="False" />
              </lines>
            </method>
          </methods>
          <lines>
            <line number="17" hits="124" branch="False" />
            <line number="18" hits="26" branch="False" />
            <line number="19" hits="26" branch="False" />
            <line number="20" hits="23" branch="False" />
            <line number="21" hits="124" branch="False" />
            <line number="26" hits="26" branch="True" condition-coverage="50% (1/2)">
              <conditions>
                <condition number="6" type="jump" coverage="50%" />
              </conditions>
            </line>
            <line number="31" hits="0" branch="True" condition-coverage="0% (0/4)">
              <conditions>
                <condition number="12" type="jump" coverage="0%" />
                <condition number="26" type="jump" coverage="0%" />
              </conditions>
            </line>
            <line number="32" hits="0" branch="False" />
            <line number="33" hits="0" branch="False" />
            <line number="38" hits="0" branch="False" />
            <line number="43" hits="26" branch="True" condition-coverage="100% (2/2)">
              <conditions>
                <condition number="12" type="jump" coverage="100%" />
              </conditions>
            </line>
            <line number="44" hits="26" branch="False" />
            <line number="49" hits="23" branch="True" condition-coverage="100% (2/2)">
              <conditions>
                <condition number="12" type="jump" coverage="100%" />
              </conditions>
            </line>
            <line number="50" hits="23" branch="False" />
          </lines>
        </class>
        <class name="WileyCoWeb.State.RateCalculator" filename="State\RateCalculator.cs" line-rate="1" branch-rate="1" complexity="8">
          <methods>
            <method name="CalculateRecommendedRate" signature="(System.Decimal,System.Decimal)" line-rate="1" branch-rate="1" complexity="2">
              <lines>
                <line number="7" hits="140" branch="True" condition-coverage="100% (2/2)">
                  <conditions>
                    <condition number="11" type="jump" coverage="100%" />
                  </conditions>
                </line>
              </lines>
            </method>
            <method name="CalculateRateDelta" signature="(System.Decimal,System.Decimal)" line-rate="1" branch-rate="1" complexity="1">
              <lines>
                <line number="12" hits="26" branch="False" />
              </lines>
            </method>
            <method name="CalculateAdjustedTotalCosts" signature="(System.Decimal,System.Decimal)" line-rate="1" branch-rate="1" complexity="1">
              <lines>
                <line number="17" hits="227" branch="False" />
              </lines>
            </method>
            <method name="CalculateAdjustedRecommendedRate" signature="(System.Decimal,System.Decimal)" line-rate="1" branch-rate="1" complexity="2">
              <lines>
                <line number="22" hits="226" branch="True" condition-coverage="100% (2/2)">
                  <conditions>
                    <condition number="11" type="jump" coverage="100%" />
                  </conditions>
                </line>
              </lines>
            </method>
            <method name="CalculateAdjustedRateDelta" signature="(System.Decimal,System.Decimal)" line-rate="1" branch-rate="1" complexity="1">
              <lines>
                <line number="27" hits="10" branch="False" />
              </lines>
            </method>
            <method name="CreateRateComparison" signature="(System.Decimal,System.Decimal)" line-rate="1" branch-rate="1" complexity="1">
              <lines>
                <line number="32" hits="18" branch="False" />
                <line number="33" hits="18" branch="False" />
                <line number="34" hits="18" branch="False" />
                <line number="35" hits="18" branch="False" />
                <line number="36" hits="18" branch="False" />
              </lines>
            </method>
          </methods>
          <lines>
            <line number="7" hits="140" branch="True" condition-coverage="100% (2/2)">
              <conditions>
                <condition number="11" type="jump" coverage="100%" />
              </conditions>
            </line>
            <line number="12" hits="26" branch="False" />
            <line number="17" hits="227" branch="False" />
            <line number="22" hits="226" branch="True" condition-coverage="100% (2/2)">
              <conditions>
                <condition number="11" type="jump" coverage="100%" />
              </conditions>
            </line>
            <line number="27" hits="10" branch="False" />
            <line number="32" hits="18" branch="False" />
            <line number="33" hits="18" branch="False" />
            <line number="34" hits="18" branch="False" />
            <line number="35" hits="18" branch="False" />
            <line number="36" hits="18" branch="False" />
          </lines>
        </class>
        <class name="WileyCoWeb.State.WorkspaceState" filename="State\WorkspaceState.cs" line-rate="0.9047" branch-rate="0.75" complexity="158">
          <methods>
            <method name="add_Changed" signature="(System.Action)" line-rate="1" branch-rate="1" complexity="1">
              <lines>
                <line number="38" hits="121" branch="False" />
                <line number="39" hits="121" branch="False" />
              </lines>
            </method>
            <method name="remove_Changed" signature="(System.Action)" line-rate="1" branch-rate="1" complexity="1">
              <lines>
                <line number="43" hits="175" branch="False" />
                <line number="44" hits="175" branch="False" />
              </lines>
            </method>
            <method name="get_EnterpriseOptions" signature="()" line-rate="1" branch-rate="1" complexity="1">
              <lines>
                <line number="51" hits="83" branch="False" />
              </lines>
            </method>
            <method name="get_FiscalYearOptions" signature="()" line-rate="1" branch-rate="1" complexity="1">
              <lines>
                <line number="59" hits="79" branch="False" />
              </lines>
            </method>
            <method name="get_StartupSource" signature="()" line-rate="1" branch-rate="1" complexity="1">
              <lines>
                <line number="67" hits="64" branch="False" />
              </lines>
            </method>
            <method name="get_StartupSourceStatus" signature="()" line-rate="1" branch-rate="1" complexity="1">
              <lines>
                <line number="75" hits="229" branch="False" />
              </lines>
            </method>
            <method name="get_IsUsingStartupFallback" signature="()" line-rate="1" branch-rate="1" complexity="1">
              <lines>
                <line number="83" hits="96" branch="False" />
              </lines>
            </method>
            <method name="get_CurrentStateSource" signature="()" line-rate="1" branch-rate="1" complexity="1">
              <lines>
                <line number="91" hits="7" branch="False" />
              </lines>
            </method>
            <method name="get_CurrentStateSourceStatus" signature="()" line-rate="1" branch-rate="1" complexity="1">
              <lines>
                <line number="99" hits="51" branch="False" />
              </lines>
            </method>
            <method name="get_IsUsingBrowserRestoredState" signature="()" line-rate="1" branch-rate="1" complexity="1">
              <lines>
                <line number="107" hits="112" branch="False" />
              </lines>
            </method>
            <method name="get_SelectedEnterprise" signature="()" line-rate="1" branch-rate="1" complexity="1">
              <lines>
                <line number="115" hits="854" branch="False" />
              </lines>
            </method>
            <method name="set_SelectedEnterprise" signature="(System.String)" line-rate="1" branch-rate="1" complexity="1">
              <lines>
                <line number="117" hits="2" branch="False" />
              </lines>
            </method>
            <method name="get_SelectedFiscalYear" signature="()" line-rate="1" branch-rate="1" complexity="1">
              <lines>
                <line number="124" hits="656" branch="False" />
              </lines>
            </method>
            <method name="set_SelectedFiscalYear" signature="(System.Int32)" line-rate="1" branch-rate="1" complexity="1">
              <lines>
                <line number="126" hits="1" branch="False" />
              </lines>
            </method>
            <method name="get_ActiveScenarioName" signature="()" line-rate="1" branch-rate="1" complexity="1">
              <lines>
                <line number="133" hits="334" branch="False" />
              </lines>
            </method>
            <method name="set_ActiveScenarioName" signature="(System.String)" line-rate="1" branch-rate="1" complexity="1">
              <lines>
                <line number="135" hits="1" branch="False" />
              </lines>
            </method>
            <method name="get_CurrentRate" signature="()" line-rate="1" branch-rate="1" complexity="1">
              <lines>
                <line number="142" hits="504" branch="False" />
              </lines>
            </method>
            <method name="set_CurrentRate" signature="(System.Decimal)" line-rate="1" branch-rate="1" complexity="1">
              <lines>
                <line number="144" hits="1" branch="False" />
              </lines>
            </method>
            <method name="get_TotalCosts" signature="()" line-rate="1" branch-rate="1" complexity="1">
              <lines>
                <line number="151" hits="508" branch="False" />
              </lines>
            </method>
            <method name="set_TotalCosts" signature="(System.Decimal)" line-rate="1" branch-rate="1" complexity="1">
              <lines>
                <line number="153" hits="1" branch="False" />
              </lines>
            </method>
            <method name="get_ProjectedVolume" signature="()" line-rate="1" branch-rate="1" complexity="1">
              <lines>
                <line number="160" hits="515" branch="False" />
              </lines>
            </method>
            <method name="set_ProjectedVolume" signature="(System.Decimal)" line-rate="1" branch-rate="1" complexity="1">
              <lines>
                <line number="162" hits="1" branch="False" />
              </lines>
            </method>
            <method name="get_RecommendedRate" signature="()" line-rate="1" branch-rate="1" complexity="1">
              <lines>
                <line number="169" hits="140" branch="False" />
              </lines>
            </method>
            <method name="get_RateDelta" signature="()" line-rate="1" branch-rate="1" complexity="1">
              <lines>
                <line number="177" hits="26" branch="False" />
              </lines>
            </method>
            <method name="get_ScenarioCostTotal" signature="()" line-rate="1" branch-rate="1" complexity="1">
              <lines>
                <line number="185" hits="462" branch="False" />
              </lines>
            </method>
            <method name="get_AdjustedTotalCosts" signature="()" line-rate="1" branch-rate="1" complexity="1">
              <lines>
                <line number="193" hits="227" branch="False" />
              </lines>
            </method>
            <method name="get_AdjustedRecommendedRate" signature="()" line-rate="1" branch-rate="1" complexity="1">
              <lines>
                <line number="201" hits="226" branch="False" />
              </lines>
            </method>
            <method name="get_AdjustedRateDelta" signature="()" line-rate="1" branch-rate="1" complexity="1">
              <lines>
                <line number="209" hits="10" branch="False" />
              </lines>
            </method>
            <method name="get_ContextSummary" signature="()" line-rate="1" branch-rate="1" complexity="1">
              <lines>
                <line number="217" hits="123" branch="False" />
              </lines>
            </method>
            <method name="get_RateComparison" signature="()" line-rate="1" branch-rate="1" complexity="1">
              <lines>
                <line number="225" hits="18" branch="False" />
              </lines>
            </method>
            <method name="get_ScenarioItems" signature="()" line-rate="1" branch-rate="1" complexity="1">
              <lines>
                <line number="233" hits="67" branch="False" />
              </lines>
            </method>
            <method name="get_Customers" signature="()" line-rate="1" branch-rate="1" complexity="1">
              <lines>
                <line number="241" hits="124" branch="False" />
              </lines>
            </method>
            <method name="get_CustomerServiceOptions" signature="()" line-rate="1" branch-rate="1" complexity="1">
              <lines>
                <line number="249" hits="13" branch="False" />
              </lines>
            </method>
            <method name="get_CustomerCityLimitOptions" signature="()" line-rate="1" branch-rate="1" complexity="1">
              <lines>
                <line number="257" hits="13" branch="False" />
              </lines>
            </method>
            <method name="get_CustomerSearchTerm" signature="()" line-rate="1" branch-rate="1" complexity="1">
              <lines>
                <line number="265" hits="80" branch="False" />
              </lines>
            </method>
            <method name="set_CustomerSearchTerm" signature="(System.String)" line-rate="1" branch-rate="0.75" complexity="4">
              <lines>
                <line number="269" hits="2" branch="True" condition-coverage="50% (1/2)">
                  <conditions>
                    <condition number="6" type="jump" coverage="50%" />
                  </conditions>
                </line>
                <line number="270" hits="2" branch="True" condition-coverage="100% (2/2)">
                  <conditions>
                    <condition number="35" type="jump" coverage="100%" />
                  </conditions>
                </line>
                <line number="272" hits="2" branch="False" />
                <line number="273" hits="2" branch="False" />
                <line number="275" hits="2" branch="False" />
              </lines>
            </method>
            <method name="get_SelectedCustomerService" signature="()" line-rate="1" branch-rate="1" complexity="1">
              <lines>
                <line number="282" hits="160" branch="False" />
              </lines>
            </method>
            <method name="set_SelectedCustomerService" signature="(System.String)" line-rate="1" branch-rate="0.75" complexity="4">
              <lines>
                <line number="286" hits="1" branch="True" condition-coverage="50% (1/2)">
                  <conditions>
                    <condition number="6" type="jump" coverage="50%" />
                  </conditions>
                </line>
                <line number="287" hits="1" branch="True" condition-coverage="100% (2/2)">
                  <conditions>
                    <condition number="35" type="jump" coverage="100%" />
                  </conditions>
                </line>
                <line number="289" hits="1" branch="False" />
                <line number="290" hits="1" branch="False" />
                <line number="292" hits="1" branch="False" />
              </lines>
            </method>
            <method name="get_SelectedCustomerCityLimits" signature="()" line-rate="1" branch-rate="1" complexity="1">
              <lines>
                <line number="299" hits="160" branch="False" />
              </lines>
            </method>
            <method name="set_SelectedCustomerCityLimits" signature="(System.String)" line-rate="1" branch-rate="0.75" complexity="4">
              <lines>
                <line number="303" hits="1" branch="True" condition-coverage="50% (1/2)">
                  <conditions>
                    <condition number="6" type="jump" coverage="50%" />
                  </conditions>
                </line>
                <line number="304" hits="1" branch="True" condition-coverage="100% (2/2)">
                  <conditions>
                    <condition number="35" type="jump" coverage="100%" />
                  </conditions>
                </line>
                <line number="306" hits="1" branch="False" />
                <line number="307" hits="1" branch="False" />
                <line number="309" hits="1" branch="False" />
              </lines>
            </method>
            <method name="get_FilteredCustomers" signature="()" line-rate="1" branch-rate="1" complexity="1">
              <lines>
                <line number="316" hits="124" branch="False" />
                <line number="317" hits="124" branch="False" />
                <line number="318" hits="124" branch="False" />
                <line number="319" hits="124" branch="False" />
                <line number="320" hits="124" branch="False" />
              </lines>
            </method>
            <method name="get_FilteredCustomerCount" signature="()" line-rate="1" branch-rate="1" complexity="1">
              <lines>
                <line number="328" hits="118" branch="False" />
              </lines>
            </method>
            <method name="get_ProjectionSeries" signature="()" line-rate="1" branch-rate="1" complexity="1">
              <lines>
                <line number="336" hits="57" branch="False" />
              </lines>
            </method>
            <method name="ApplyBootstrap" signature="(WileyCoWeb.Contracts.WorkspaceBootstrapData)" line-rate="1" branch-rate="1" complexity="2">
              <lines>
                <line number="342" hits="49" branch="False" />
                <line number="344" hits="49" branch="False" />
                <line number="345" hits="49" branch="False" />
                <line number="346" hits="49" branch="False" />
                <line number="347" hits="49" branch="False" />
                <line number="348" hits="49" branch="False" />
                <line number="350" hits="49" branch="True" condition-coverage="100% (2/2)">
                  <conditions>
                    <condition number="50" type="jump" coverage="100%" />
                  </conditions>
                </line>
                <line number="352" hits="49" branch="False" />
                <line number="354" hits="49" branch="False" />
              </lines>
            </method>
            <method name="ToBootstrapData" signature="()" line-rate="1" branch-rate="1" complexity="1">
              <lines>
                <line number="358" hits="105" branch="False" />
                <line number="359" hits="105" branch="False" />
                <line number="360" hits="105" branch="False" />
                <line number="361" hits="105" branch="False" />
                <line number="362" hits="105" branch="False" />
                <line number="363" hits="105" branch="False" />
                <line number="364" hits="105" branch="False" />
                <line number="365" hits="105" branch="False" />
                <line number="366" hits="105" branch="False" />
                <line number="367" hits="43" branch="False" />
                <line number="368" hits="105" branch="False" />
                <line number="369" hits="105" branch="False" />
                <line number="370" hits="105" branch="False" />
                <line number="371" hits="105" branch="False" />
                <line number="372" hits="105" branch="False" />
                <line number="373" hits="105" branch="False" />
                <line number="374" hits="105" branch="False" />
              </lines>
            </method>
            <method name="SetSelection" signature="(System.String,System.Int32)" line-rate="1" branch-rate="1" complexity="2">
              <lines>
                <line number="379" hits="14" branch="True" condition-coverage="100% (2/2)">
                  <conditions>
                    <condition number="8" type="jump" coverage="100%" />
                  </conditions>
                </line>
                <line number="380" hits="7" branch="False" />
              </lines>
            </method>
            <method name="SetActiveScenarioName" signature="(System.String)" line-rate="1" branch-rate="1" complexity="2">
              <lines>
                <line number="384" hits="4" branch="True" condition-coverage="100% (2/2)">
                  <conditions>
                    <condition number="18" type="jump" coverage="100%" />
                  </conditions>
                </line>
                <line number="385" hits="2" branch="False" />
              </lines>
            </method>
            <method name="SetCurrentRate" signature="(System.Decimal)" line-rate="1" branch-rate="1" complexity="2">
              <lines>
                <line number="389" hits="9" branch="True" condition-coverage="100% (2/2)">
                  <conditions>
                    <condition number="23" type="jump" coverage="100%" />
                  </conditions>
                </line>
                <line number="390" hits="5" branch="False" />
              </lines>
            </method>
            <method name="SetTotalCosts" signature="(System.Decimal)" line-rate="1" branch-rate="1" complexity="2">
              <lines>
                <line number="394" hits="11" branch="True" condition-coverage="100% (2/2)">
                  <conditions>
                    <condition number="23" type="jump" coverage="100%" />
                  </conditions>
                </line>
                <line number="395" hits="6" branch="False" />
              </lines>
            </method>
            <method name="SetProjectedVolume" signature="(System.Decimal)" line-rate="1" branch-rate="1" complexity="2">
              <lines>
                <line number="399" hits="11" branch="True" condition-coverage="100% (2/2)">
                  <conditions>
                    <condition number="23" type="jump" coverage="100%" />
                  </conditions>
                </line>
                <line number="400" hits="6" branch="False" />
              </lines>
            </method>
            <method name="SetCustomerSearchTerm" signature="(System.String)" line-rate="0" branch-rate="0" complexity="2">
              <lines>
                <line number="404" hits="0" branch="True" condition-coverage="0% (0/2)">
                  <conditions>
                    <condition number="17" type="jump" coverage="0%" />
                  </conditions>
                </line>
                <line number="405" hits="0" branch="False" />
              </lines>
            </method>
            <method name="SetCustomerServiceFilter" signature="(System.String)" line-rate="1" branch-rate="1" complexity="2">
              <lines>
                <line number="409" hits="4" branch="True" condition-coverage="100% (2/2)">
                  <conditions>
                    <condition number="17" type="jump" coverage="100%" />
                  </conditions>
                </line>
                <line number="410" hits="2" branch="False" />
              </lines>
            </method>
            <method name="SetCustomerCityLimitsFilter" signature="(System.String)" line-rate="1" branch-rate="1" complexity="2">
              <lines>
                <line number="414" hits="2" branch="True" condition-coverage="100% (2/2)">
                  <conditions>
                    <condition number="17" type="jump" coverage="100%" />
                  </conditions>
                </line>
                <line number="415" hits="1" branch="False" />
              </lines>
            </method>
            <method name="ClearCustomerFilters" signature="()" line-rate="0" branch-rate="0" complexity="2">
              <lines>
                <line number="419" hits="0" branch="True" condition-coverage="0% (0/2)">
                  <conditions>
                    <condition number="6" type="jump" coverage="0%" />
                  </conditions>
                </line>
                <line number="420" hits="0" branch="False" />
              </lines>
            </method>
            <method name="ReplaceCustomerDirectory" signature="(System.Collections.Generic.IReadOnlyList`1&lt;WileyCoWeb.Contracts.CustomerRow&gt;)" line-rate="1" branch-rate="1" complexity="2">
              <lines>
                <line number="424" hits="3" branch="False" />
                <line number="426" hits="3" branch="False" />
                <line number="427" hits="3" branch="False" />
                <line number="429" hits="3" branch="False" />
                <line number="430" hits="3" branch="False" />
                <line number="431" hits="3" branch="False" />
                <line number="433" hits="3" branch="False" />
                <line number="435" hits="3" branch="True" condition-coverage="100% (2/2)">
                  <conditions>
                    <condition number="144" type="jump" coverage="100%" />
                  </conditions>
                </line>
                <line number="437" hits="3" branch="False" />
                <line number="439" hits="3" branch="False" />
              </lines>
            </method>
            <method name="AddScenarioItem" signature="(System.String,System.Decimal)" line-rate="1" branch-rate="0.5" complexity="2">
              <lines>
                <line number="443" hits="1" branch="True" condition-coverage="50% (1/2)">
                  <conditions>
                    <condition number="6" type="jump" coverage="50%" />
                  </conditions>
                </line>
                <line number="444" hits="1" branch="False" />
                <line number="445" hits="1" branch="False" />
                <line number="446" hits="1" branch="False" />
              </lines>
            </method>
            <method name="UpdateScenarioItem" signature="(System.Guid,System.String,System.Decimal)" line-rate="0" branch-rate="0" complexity="4">
              <lines>
                <line number="450" hits="0" branch="False" />
                <line number="451" hits="0" branch="True" condition-coverage="0% (0/4)">
                  <conditions>
                    <condition number="38" type="jump" coverage="0%" />
                    <condition number="48" type="jump" coverage="0%" />
                  </conditions>
                </line>
                <line number="452" hits="0" branch="False" />
              </lines>
            </method>
            <method name="RemoveScenarioItem" signature="(System.Guid)" line-rate="0" branch-rate="0" complexity="2">
              <lines>
                <line number="456" hits="0" branch="False" />
                <line number="457" hits="0" branch="True" condition-coverage="0% (0/2)">
                  <conditions>
                    <condition number="38" type="jump" coverage="0%" />
                  </conditions>
                </line>
                <line number="459" hits="0" branch="False" />
                <line number="460" hits="0" branch="False" />
                <line number="462" hits="0" branch="False" />
              </lines>
            </method>
            <method name="Refresh" signature="()" line-rate="0" branch-rate="1" complexity="1">
              <lines>
                <line number="464" hits="0" branch="False" />
              </lines>
            </method>
            <method name="SetStartupSource" signature="(WileyCoWeb.State.WorkspaceStartupSource,System.String)" line-rate="1" branch-rate="1" complexity="2">
              <lines>
                <line number="468" hits="24" branch="True" condition-coverage="100% (2/2)">
                  <conditions>
                    <condition number="8" type="jump" coverage="100%" />
                  </conditions>
                </line>
                <line number="469" hits="12" branch="False" />
              </lines>
            </method>
            <method name="SetCurrentStateSource" signature="(WileyCoWeb.State.WorkspaceStartupSource,System.String)" line-rate="1" branch-rate="1" complexity="2">
              <lines>
                <line number="473" hits="123" branch="True" condition-coverage="100% (2/2)">
                  <conditions>
                    <condition number="8" type="jump" coverage="100%" />
                  </conditions>
                </line>
                <line number="474" hits="66" branch="False" />
              </lines>
            </method>
            <method name="SetSelectionWithoutNotify" signature="(System.String,System.Int32)" line-rate="1" branch-rate="1" complexity="1">
              <lines>
                <line number="478" hits="49" branch="False" />
              </lines>
            </method>
            <method name="SetStringWithoutNotify" signature="(System.String&amp;,System.String,System.String)" line-rate="1" branch-rate="1" complexity="1">
              <lines>
                <line number="482" hits="103" branch="False" />
              </lines>
            </method>
            <method name="SetDecimalWithoutNotify" signature="(System.Decimal&amp;,System.Nullable`1&lt;System.Decimal&gt;,System.Decimal)" line-rate="1" branch-rate="1" complexity="1">
              <lines>
                <line number="485" hits="164" branch="False" />
              </lines>
            </method>
            <method name="SetScenarioItemsWithoutNotify" signature="(System.Collections.Generic.IReadOnlyList`1&lt;WileyCoWeb.Contracts.WorkspaceScenarioItemData&gt;)" line-rate="1" branch-rate="1" complexity="1">
              <lines>
                <line number="489" hits="49" branch="False" />
                <line number="490" hits="91" branch="False" />
                <line number="491" hits="49" branch="False" />
                <line number="492" hits="49" branch="False" />
                <line number="493" hits="49" branch="False" />
              </lines>
            </method>
            <method name="SetCustomerRowsWithoutNotify" signature="(System.Collections.Generic.IReadOnlyList`1&lt;WileyCoWeb.Contracts.CustomerRow&gt;)" line-rate="1" branch-rate="1" complexity="1">
              <lines>
                <line number="497" hits="52" branch="False" />
              </lines>
            </method>
            <method name="SetProjectionRowsWithoutNotify" signature="(System.Collections.Generic.IReadOnlyList`1&lt;WileyCoWeb.Contracts.ProjectionRow&gt;)" line-rate="1" branch-rate="1" complexity="1">
              <lines>
                <line number="500" hits="49" branch="False" />
              </lines>
            </method>
            <method name="NormalizeCustomerRows" signature="(System.Collections.Generic.IReadOnlyList`1&lt;WileyCoWeb.Contracts.CustomerRow&gt;)" line-rate="1" branch-rate="1" complexity="4">
              <lines>
                <line number="502" hits="143" branch="True" condition-coverage="100% (4/4)">
                  <conditions>
                    <condition number="1" type="jump" coverage="100%" />
                    <condition number="49" type="jump" coverage="100%" />
                  </conditions>
                </line>
              </lines>
            </method>
            <method name="NormalizeProjectionRows" signature="(System.Collections.Generic.IReadOnlyList`1&lt;WileyCoWeb.Contracts.ProjectionRow&gt;)" line-rate="1" branch-rate="1" complexity="4">
              <lines>
                <line number="504" hits="143" branch="True" condition-coverage="100% (4/4)">
                  <conditions>
                    <condition number="1" type="jump" coverage="100%" />
                    <condition number="49" type="jump" coverage="100%" />
                  </conditions>
                </line>
              </lines>
            </method>
            <method name="NormalizeStringList" signature="(System.Collections.Generic.IReadOnlyList`1&lt;System.String&gt;,System.Collections.Generic.IReadOnlyList`1&lt;System.String&gt;)" line-rate="1" branch-rate="1" complexity="4">
              <lines>
                <line number="506" hits="983" branch="True" condition-coverage="100% (4/4)">
                  <conditions>
                    <condition number="1" type="jump" coverage="100%" />
                    <condition number="10" type="jump" coverage="100%" />
                  </conditions>
                </line>
              </lines>
            </method>
            <method name="NormalizeIntList" signature="(System.Collections.Generic.IReadOnlyList`1&lt;System.Int32&gt;,System.Collections.Generic.IReadOnlyList`1&lt;System.Int32&gt;)" line-rate="1" branch-rate="1" complexity="4">
              <lines>
                <line number="508" hits="207" branch="True" condition-coverage="100% (4/4)">
                  <conditions>
                    <condition number="1" type="jump" coverage="100%" />
                    <condition number="10" type="jump" coverage="100%" />
                  </conditions>
                </line>
              </lines>
            </method>
            <method name="SetStringListWithoutNotify" signature="(System.Collections.Generic.List`1&lt;System.String&gt;,System.Collections.Generic.IReadOnlyList`1&lt;System.String&gt;,System.Collections.Generic.IReadOnlyList`1&lt;System.String&gt;)" line-rate="1" branch-rate="1" complexity="1">
              <lines>
                <line number="511" hits="153" branch="False" />
              </lines>
            </method>
            <method name="SetIntListWithoutNotify" signature="(System.Collections.Generic.List`1&lt;System.Int32&gt;,System.Collections.Generic.IReadOnlyList`1&lt;System.Int32&gt;,System.Collections.Generic.IReadOnlyList`1&lt;System.Int32&gt;)" line-rate="1" branch-rate="1" complexity="1">
              <lines>
                <line number="514" hits="49" branch="False" />
              </lines>
            </method>
            <method name="SetRowsWithoutNotify" signature="(System.Collections.Generic.List`1&lt;T&gt;,System.Collections.Generic.IReadOnlyList`1&lt;T&gt;)" line-rate="1" branch-rate="1" complexity="1">
              <lines>
                <line number="516" hits="1212" branch="False" />
              </lines>
            </method>
            <method name="NormalizeStringValue" signature="(System.String,System.String)" line-rate="1" branch-rate="1" complexity="2">
              <lines>
                <line number="519" hits="103" branch="True" condition-coverage="100% (2/2)">
                  <conditions>
                    <condition number="6" type="jump" coverage="100%" />
                  </conditions>
                </line>
              </lines>
            </method>
            <method name="SetStringField" signature="(System.String&amp;,System.String)" line-rate="1" branch-rate="1" complexity="1">
              <lines>
                <line number="523" hits="237" branch="False" />
                <line number="524" hits="237" branch="False" />
                <line number="525" hits="237" branch="False" />
              </lines>
            </method>
            <method name="SetDecimalField" signature="(System.Decimal&amp;,System.Decimal)" line-rate="1" branch-rate="1" complexity="1">
              <lines>
                <line number="530" hits="164" branch="False" />
                <line number="531" hits="164" branch="False" />
                <line number="532" hits="164" branch="False" />
              </lines>
            </method>
            <method name="SetIntField" signature="(System.Int32&amp;,System.Int32)" line-rate="1" branch-rate="1" complexity="1">
              <lines>
                <line number="537" hits="56" branch="False" />
                <line number="538" hits="56" branch="False" />
                <line number="539" hits="56" branch="False" />
              </lines>
            </method>
            <method name="SetEnumField" signature="(TEnum&amp;,TEnum)" line-rate="1" branch-rate="1" complexity="1">
              <lines>
                <line number="545" hits="78" branch="False" />
                <line number="546" hits="78" branch="False" />
                <line number="547" hits="78" branch="False" />
              </lines>
            </method>
            <method name="SetSelectionCore" signature="(System.String,System.Int32)" line-rate="1" branch-rate="1" complexity="1">
              <lines>
                <line number="550" hits="56" branch="False" />
              </lines>
            </method>
            <method name="TryClearCustomerFilters" signature="()" line-rate="0" branch-rate="1" complexity="1">
              <lines>
                <line number="553" hits="0" branch="False" />
                <line number="554" hits="0" branch="False" />
                <line number="555" hits="0" branch="False" />
              </lines>
            </method>
            <method name="TryUpdateScenarioItem" signature="(WileyCoWeb.State.ScenarioItem,System.String,System.Decimal)" line-rate="0" branch-rate="0" complexity="2">
              <lines>
                <line number="557" hits="0" branch="True" condition-coverage="0% (0/2)">
                  <conditions>
                    <condition number="26" type="jump" coverage="0%" />
                  </conditions>
                </line>
              </lines>
            </method>
            <method name="SetStartupSourceCore" signature="(WileyCoWeb.State.WorkspaceStartupSource,System.String)" line-rate="1" branch-rate="1" complexity="1">
              <lines>
                <line number="559" hits="48" branch="False" />
              </lines>
            </method>
            <method name="SetCurrentStateSourceCore" signature="(WileyCoWeb.State.WorkspaceStartupSource,System.String)" line-rate="1" branch-rate="1" complexity="1">
              <lines>
                <line number="561" hits="66" branch="False" />
              </lines>
            </method>
            <method name="NormalizeScenarioItems" signature="(System.Collections.Generic.IReadOnlyList`1&lt;WileyCoWeb.Contracts.WorkspaceScenarioItemData&gt;)" line-rate="1" branch-rate="1" complexity="4">
              <lines>
                <line number="563" hits="120" branch="True" condition-coverage="100% (4/4)">
                  <conditions>
                    <condition number="1" type="jump" coverage="100%" />
                    <condition number="49" type="jump" coverage="100%" />
                  </conditions>
                </line>
              </lines>
            </method>
            <method name="ApplyBootstrapSelection" signature="(WileyCoWeb.Contracts.WorkspaceBootstrapData)" line-rate="1" branch-rate="1" complexity="1">
              <lines>
                <line number="566" hits="49" branch="False" />
              </lines>
            </method>
            <method name="ApplyBootstrapScalars" signature="(WileyCoWeb.Contracts.WorkspaceBootstrapData)" line-rate="1" branch-rate="1" complexity="1">
              <lines>
                <line number="569" hits="49" branch="False" />
                <line number="570" hits="49" branch="False" />
                <line number="571" hits="49" branch="False" />
                <line number="572" hits="49" branch="False" />
              </lines>
            </method>
            <method name="ApplyBootstrapOptions" signature="(WileyCoWeb.Contracts.WorkspaceBootstrapData)" line-rate="1" branch-rate="1" complexity="1">
              <lines>
                <line number="575" hits="49" branch="False" />
                <line number="576" hits="49" branch="False" />
                <line number="577" hits="49" branch="False" />
                <line number="578" hits="49" branch="False" />
              </lines>
            </method>
            <method name="ApplyBootstrapCollections" signature="(WileyCoWeb.Contracts.WorkspaceBootstrapData)" line-rate="1" branch-rate="1" complexity="1">
              <lines>
                <line number="581" hits="49" branch="False" />
                <line number="582" hits="49" branch="False" />
                <line number="583" hits="49" branch="False" />
              </lines>
            </method>
            <method name="ApplyBootstrapLastUpdated" signature="(WileyCoWeb.Contracts.WorkspaceBootstrapData)" line-rate="1" branch-rate="1" complexity="1">
              <lines>
                <line number="586" hits="49" branch="False" />
              </lines>
            </method>
            <method name="NormalizeCustomerDirectory" signature="(System.Collections.Generic.IReadOnlyList`1&lt;WileyCoWeb.Contracts.CustomerRow&gt;)" line-rate="1" branch-rate="0.5" complexity="4">
              <lines>
                <line number="588" hits="17" branch="True" condition-coverage="50% (2/4)">
                  <conditions>
                    <condition number="22" type="jump" coverage="50%" />
                    <condition number="53" type="jump" coverage="50%" />
                  </conditions>
                </line>
              </lines>
            </method>
            <method name="BuildCustomerServiceOptions" signature="(System.Collections.Generic.IReadOnlyList`1&lt;WileyCoWeb.Contracts.CustomerRow&gt;)" line-rate="1" branch-rate="1" complexity="1">
              <lines>
                <line number="590" hits="16" branch="False" />
              </lines>
            </method>
            <method name="EnsureCustomerFilterSelectionsAreValid" signature="()" line-rate="1" branch-rate="1" complexity="1">
              <lines>
                <line number="592" hits="9" branch="False" />
              </lines>
            </method>
            <method name="SetValidatedSelection" signature="(System.Collections.Generic.IReadOnlyCollection`1&lt;T&gt;,T,T,System.Action`1&lt;T&gt;)" line-rate="1" branch-rate="0.5" complexity="2">
              <lines>
                <line number="594" hits="24" branch="True" condition-coverage="50% (1/2)">
                  <conditions>
                    <condition number="7" type="jump" coverage="50%" />
                  </conditions>
                </line>
              </lines>
            </method>
            <method name="NormalizeSelectionEnterprise" signature="(System.String)" line-rate="1" branch-rate="1" complexity="2">
              <lines>
                <line number="597" hits="56" branch="True" condition-coverage="100% (2/2)">
                  <conditions>
                    <condition number="6" type="jump" coverage="100%" />
                  </conditions>
                </line>
              </lines>
            </method>
            <method name="NormalizeSelectionFiscalYear" signature="(System.Int32)" line-rate="1" branch-rate="1" complexity="2">
              <lines>
                <line number="600" hits="56" branch="True" condition-coverage="100% (2/2)">
                  <conditions>
                    <condition number="2" type="jump" coverage="100%" />
                  </conditions>
                </line>
              </lines>
            </method>
            <method name="ClearCustomerSearchTerm" signature="()" line-rate="0" branch-rate="1" complexity="1">
              <lines>
                <line number="603" hits="0" branch="False" />
              </lines>
            </method>
            <method name="ClearCustomerServiceFilter" signature="()" line-rate="0" branch-rate="1" complexity="1">
              <lines>
                <line number="606" hits="0" branch="False" />
              </lines>
            </method>
            <method name="ClearCustomerCityLimitsFilter" signature="()" line-rate="0" branch-rate="1" complexity="1">
              <lines>
                <line number="609" hits="0" branch="False" />
              </lines>
            </method>
            <method name="NormalizeStartupSourceStatus" signature="(System.String)" line-rate="1" branch-rate="0.5" complexity="2">
              <lines>
                <line number="612" hits="78" branch="True" condition-coverage="50% (1/2)">
                  <conditions>
                    <condition number="6" type="jump" coverage="50%" />
                  </conditions>
                </line>
              </lines>
            </method>
            <method name="InitializeCurrentStateSource" signature="(WileyCoWeb.State.WorkspaceStartupSource,System.String)" line-rate="1" branch-rate="0.5" complexity="4">
              <lines>
                <line number="614" hits="48" branch="True" condition-coverage="50% (2/4)">
                  <conditions>
                    <condition number="12" type="jump" coverage="50%" />
                    <condition number="30" type="jump" coverage="50%" />
                  </conditions>
                </line>
              </lines>
            </method>
            <method name="NotifyChanged" signature="()" line-rate="1" branch-rate="1" complexity="2">
              <lines>
                <line number="616" hits="152" branch="True" condition-coverage="100% (2/2)">
                  <conditions>
                    <condition number="7" type="jump" coverage="100%" />
                  </conditions>
                </line>
              </lines>
            </method>
            <method name=".ctor" signature="()" line-rate="1" branch-rate="1" complexity="1">
              <lines>
                <line number="10" hits="119" branch="False" />
                <line number="12" hits="119" branch="False" />
                <line number="13" hits="119" branch="False" />
                <line number="14" hits="119" branch="False" />
                <line number="15" hits="119" branch="False" />
                <line number="19" hits="119" branch="False" />
                <line number="20" hits="119" branch="False" />
                <line number="21" hits="119" branch="False" />
                <line number="22" hits="119" branch="False" />
                <line number="23" hits="119" branch="False" />
                <line number="24" hits="119" branch="False" />
                <line number="25" hits="119" branch="False" />
                <line number="26" hits="119" branch="False" />
                <line number="28" hits="119" branch="False" />
                <line number="30" hits="119" branch="False" />
              </lines>
            </method>
          </methods>
          <lines>
            <line number="38" hits="121" branch="False" />
            <line number="39" hits="121" branch="False" />
            <line number="43" hits="175" branch="False" />
            <line number="44" hits="175" branch="False" />
            <line number="51" hits="83" branch="False" />
            <line number="59" hits="79" branch="False" />
            <line number="67" hits="64" branch="False" />
            <line number="75" hits="229" branch="False" />
            <line number="83" hits="96" branch="False" />
            <line number="91" hits="7" branch="False" />
            <line number="99" hits="51" branch="False" />
            <line number="107" hits="112" branch="False" />
            <line number="115" hits="854" branch="False" />
            <line number="117" hits="2" branch="False" />
            <line number="124" hits="656" branch="False" />
            <line number="126" hits="1" branch="False" />
            <line number="133" hits="334" branch="False" />
            <line number="135" hits="1" branch="False" />
            <line number="142" hits="504" branch="False" />
            <line number="144" hits="1" branch="False" />
            <line number="151" hits="508" branch="False" />
            <line number="153" hits="1" branch="False" />
            <line number="160" hits="515" branch="False" />
            <line number="162" hits="1" branch="False" />
            <line number="169" hits="140" branch="False" />
            <line number="177" hits="26" branch="False" />
            <line number="185" hits="462" branch="False" />
            <line number="193" hits="227" branch="False" />
            <line number="201" hits="226" branch="False" />
            <line number="209" hits="10" branch="False" />
            <line number="217" hits="123" branch="False" />
            <line number="225" hits="18" branch="False" />
            <line number="233" hits="67" branch="False" />
            <line number="241" hits="124" branch="False" />
            <line number="249" hits="13" branch="False" />
            <line number="257" hits="13" branch="False" />
            <line number="265" hits="80" branch="False" />
            <line number="269" hits="2" branch="True" condition-coverage="50% (1/2)">
              <conditions>
                <condition number="6" type="jump" coverage="50%" />
              </conditions>
            </line>
            <line number="270" hits="2" branch="True" condition-coverage="100% (2/2)">
              <conditions>
                <condition number="35" type="jump" coverage="100%" />
              </conditions>
            </line>
            <line number="272" hits="2" branch="False" />
            <line number="273" hits="2" branch="False" />
            <line number="275" hits="2" branch="False" />
            <line number="282" hits="160" branch="False" />
            <line number="286" hits="1" branch="True" condition-coverage="50% (1/2)">
              <conditions>
                <condition number="6" type="jump" coverage="50%" />
              </conditions>
            </line>
            <line number="287" hits="1" branch="True" condition-coverage="100% (2/2)">
              <conditions>
                <condition number="35" type="jump" coverage="100%" />
              </conditions>
            </line>
            <line number="289" hits="1" branch="False" />
            <line number="290" hits="1" branch="False" />
            <line number="292" hits="1" branch="False" />
            <line number="299" hits="160" branch="False" />
            <line number="303" hits="1" branch="True" condition-coverage="50% (1/2)">
              <conditions>
                <condition number="6" type="jump" coverage="50%" />
              </conditions>
            </line>
            <line number="304" hits="1" branch="True" condition-coverage="100% (2/2)">
              <conditions>
                <condition number="35" type="jump" coverage="100%" />
              </conditions>
            </line>
            <line number="306" hits="1" branch="False" />
            <line number="307" hits="1" branch="False" />
            <line number="309" hits="1" branch="False" />
            <line number="316" hits="124" branch="False" />
            <line number="317" hits="124" branch="False" />
            <line number="318" hits="124" branch="False" />
            <line number="319" hits="124" branch="False" />
            <line number="320" hits="124" branch="False" />
            <line number="328" hits="118" branch="False" />
            <line number="336" hits="57" branch="False" />
            <line number="342" hits="49" branch="False" />
            <line number="344" hits="49" branch="False" />
            <line number="345" hits="49" branch="False" />
            <line number="346" hits="49" branch="False" />
            <line number="347" hits="49" branch="False" />
            <line number="348" hits="49" branch="False" />
            <line number="350" hits="49" branch="True" condition-coverage="100% (2/2)">
              <conditions>
                <condition number="50" type="jump" coverage="100%" />
              </conditions>
            </line>
            <line number="352" hits="49" branch="False" />
            <line number="354" hits="49" branch="False" />
            <line number="358" hits="105" branch="False" />
            <line number="359" hits="105" branch="False" />
            <line number="360" hits="105" branch="False" />
            <line number="361" hits="105" branch="False" />
            <line number="362" hits="105" branch="False" />
            <line number="363" hits="105" branch="False" />
            <line number="364" hits="105" branch="False" />
            <line number="365" hits="105" branch="False" />
            <line number="366" hits="105" branch="False" />
            <line number="367" hits="43" branch="False" />
            <line number="368" hits="105" branch="False" />
            <line number="369" hits="105" branch="False" />
            <line number="370" hits="105" branch="False" />
            <line number="371" hits="105" branch="False" />
            <line number="372" hits="105" branch="False" />
            <line number="373" hits="105" branch="False" />
            <line number="374" hits="105" branch="False" />
            <line number="379" hits="14" branch="True" condition-coverage="100% (2/2)">
              <conditions>
                <condition number="8" type="jump" coverage="100%" />
              </conditions>
            </line>
            <line number="380" hits="7" branch="False" />
            <line number="384" hits="4" branch="True" condition-coverage="100% (2/2)">
              <conditions>
                <condition number="18" type="jump" coverage="100%" />
              </conditions>
            </line>
            <line number="385" hits="2" branch="False" />
            <line number="389" hits="9" branch="True" condition-coverage="100% (2/2)">
              <conditions>
                <condition number="23" type="jump" coverage="100%" />
              </conditions>
            </line>
            <line number="390" hits="5" branch="False" />
            <line number="394" hits="11" branch="True" condition-coverage="100% (2/2)">
              <conditions>
                <condition number="23" type="jump" coverage="100%" />
              </conditions>
            </line>
            <line number="395" hits="6" branch="False" />
            <line number="399" hits="11" branch="True" condition-coverage="100% (2/2)">
              <conditions>
                <condition number="23" type="jump" coverage="100%" />
              </conditions>
            </line>
            <line number="400" hits="6" branch="False" />
            <line number="404" hits="0" branch="True" condition-coverage="0% (0/2)">
              <conditions>
                <condition number="17" type="jump" coverage="0%" />
              </conditions>
            </line>
            <line number="405" hits="0" branch="False" />
            <line number="409" hits="4" branch="True" condition-coverage="100% (2/2)">
              <conditions>
                <condition number="17" type="jump" coverage="100%" />
              </conditions>
            </line>
            <line number="410" hits="2" branch="False" />
            <line number="414" hits="2" branch="True" condition-coverage="100% (2/2)">
              <conditions>
                <condition number="17" type="jump" coverage="100%" />
              </conditions>
            </line>
            <line number="415" hits="1" branch="False" />
            <line number="419" hits="0" branch="True" condition-coverage="0% (0/2)">
              <conditions>
                <condition number="6" type="jump" coverage="0%" />
              </conditions>
            </line>
            <line number="420" hits="0" branch="False" />
            <line number="424" hits="3" branch="False" />
            <line number="426" hits="3" branch="False" />
            <line number="427" hits="3" branch="False" />
            <line number="429" hits="3" branch="False" />
            <line number="430" hits="3" branch="False" />
            <line number="431" hits="3" branch="False" />
            <line number="433" hits="3" branch="False" />
            <line number="435" hits="3" branch="True" condition-coverage="100% (2/2)">
              <conditions>
                <condition number="144" type="jump" coverage="100%" />
              </conditions>
            </line>
            <line number="437" hits="3" branch="False" />
            <line number="439" hits="3" branch="False" />
            <line number="443" hits="1" branch="True" condition-coverage="50% (1/2)">
              <conditions>
                <condition number="6" type="jump" coverage="50%" />
              </conditions>
            </line>
            <line number="444" hits="1" branch="False" />
            <line number="445" hits="1" branch="False" />
            <line number="446" hits="1" branch="False" />
            <line number="450" hits="0" branch="False" />
            <line number="451" hits="0" branch="True" condition-coverage="0% (0/4)">
              <conditions>
                <condition number="38" type="jump" coverage="0%" />
                <condition number="48" type="jump" coverage="0%" />
              </conditions>
            </line>
            <line number="452" hits="0" branch="False" />
            <line number="456" hits="0" branch="False" />
            <line number="457" hits="0" branch="True" condition-coverage="0% (0/2)">
              <conditions>
                <condition number="38" type="jump" coverage="0%" />
              </conditions>
            </line>
            <line number="459" hits="0" branch="False" />
            <line number="460" hits="0" branch="False" />
            <line number="462" hits="0" branch="False" />
            <line number="464" hits="0" branch="False" />
            <line number="468" hits="24" branch="True" condition-coverage="100% (2/2)">
              <conditions>
                <condition number="8" type="jump" coverage="100%" />
              </conditions>
            </line>
            <line number="469" hits="12" branch="False" />
            <line number="473" hits="123" branch="True" condition-coverage="100% (2/2)">
              <conditions>
                <condition number="8" type="jump" coverage="100%" />
              </conditions>
            </line>
            <line number="474" hits="66" branch="False" />
            <line number="478" hits="49" branch="False" />
            <line number="482" hits="103" branch="False" />
            <line number="485" hits="164" branch="False" />
            <line number="489" hits="49" branch="False" />
            <line number="490" hits="91" branch="False" />
            <line number="491" hits="49" branch="False" />
            <line number="492" hits="49" branch="False" />
            <line number="493" hits="49" branch="False" />
            <line number="497" hits="52" branch="False" />
            <line number="500" hits="49" branch="False" />
            <line number="502" hits="143" branch="True" condition-coverage="100% (4/4)">
              <conditions>
                <condition number="1" type="jump" coverage="100%" />
                <condition number="49" type="jump" coverage="100%" />
              </conditions>
            </line>
            <line number="504" hits="143" branch="True" condition-coverage="100% (4/4)">
              <conditions>
                <condition number="1" type="jump" coverage="100%" />
                <condition number="49" type="jump" coverage="100%" />
              </conditions>
            </line>
            <line number="506" hits="983" branch="True" condition-coverage="100% (4/4)">
              <conditions>
                <condition number="1" type="jump" coverage="100%" />
                <condition number="10" type="jump" coverage="100%" />
              </conditions>
            </line>
            <line number="508" hits="207" branch="True" condition-coverage="100% (4/4)">
              <conditions>
                <condition number="1" type="jump" coverage="100%" />
                <condition number="10" type="jump" coverage="100%" />
              </conditions>
            </line>
            <line number="511" hits="153" branch="False" />
            <line number="514" hits="49" branch="False" />
            <line number="516" hits="1212" branch="False" />
            <line number="519" hits="103" branch="True" condition-coverage="100% (2/2)">
              <conditions>
                <condition number="6" type="jump" coverage="100%" />
              </conditions>
            </line>
            <line number="523" hits="237" branch="False" />
            <line number="524" hits="237" branch="False" />
            <line number="525" hits="237" branch="False" />
            <line number="530" hits="164" branch="False" />
            <line number="531" hits="164" branch="False" />
            <line number="532" hits="164" branch="False" />
            <line number="537" hits="56" branch="False" />
            <line number="538" hits="56" branch="False" />
            <line number="539" hits="56" branch="False" />
            <line number="545" hits="78" branch="False" />
            <line number="546" hits="78" branch="False" />
            <line number="547" hits="78" branch="False" />
            <line number="550" hits="56" branch="False" />
            <line number="553" hits="0" branch="False" />
            <line number="554" hits="0" branch="False" />
            <line number="555" hits="0" branch="False" />
            <line number="557" hits="0" branch="True" condition-coverage="0% (0/2)">
              <conditions>
                <condition number="26" type="jump" coverage="0%" />
              </conditions>
            </line>
            <line number="559" hits="48" branch="False" />
            <line number="561" hits="66" branch="False" />
            <line number="563" hits="120" branch="True" condition-coverage="100% (4/4)">
              <conditions>
                <condition number="1" type="jump" coverage="100%" />
                <condition number="49" type="jump" coverage="100%" />
              </conditions>
            </line>
            <line number="566" hits="49" branch="False" />
            <line number="569" hits="49" branch="False" />
            <line number="570" hits="49" branch="False" />
            <line number="571" hits="49" branch="False" />
            <line number="572" hits="49" branch="False" />
            <line number="575" hits="49" branch="False" />
            <line number="576" hits="49" branch="False" />
            <line number="577" hits="49" branch="False" />
            <line number="578" hits="49" branch="False" />
            <line number="581" hits="49" branch="False" />
            <line number="582" hits="49" branch="False" />
            <line number="583" hits="49" branch="False" />
            <line number="586" hits="49" branch="False" />
            <line number="588" hits="17" branch="True" condition-coverage="50% (2/4)">
              <conditions>
                <condition number="22" type="jump" coverage="50%" />
                <condition number="53" type="jump" coverage="50%" />
              </conditions>
            </line>
            <line number="590" hits="16" branch="False" />
            <line number="592" hits="9" branch="False" />
            <line number="594" hits="24" branch="True" condition-coverage="50% (1/2)">
              <conditions>
                <condition number="7" type="jump" coverage="50%" />
              </conditions>
            </line>
            <line number="597" hits="56" branch="True" condition-coverage="100% (2/2)">
              <conditions>
                <condition number="6" type="jump" coverage="100%" />
              </conditions>
            </line>
            <line number="600" hits="56" branch="True" condition-coverage="100% (2/2)">
              <conditions>
                <condition number="2" type="jump" coverage="100%" />
              </conditions>
            </line>
            <line number="603" hits="0" branch="False" />
            <line number="606" hits="0" branch="False" />
            <line number="609" hits="0" branch="False" />
            <line number="612" hits="78" branch="True" condition-coverage="50% (1/2)">
              <conditions>
                <condition number="6" type="jump" coverage="50%" />
              </conditions>
            </line>
            <line number="614" hits="48" branch="True" condition-coverage="50% (2/4)">
              <conditions>
                <condition number="12" type="jump" coverage="50%" />
                <condition number="30" type="jump" coverage="50%" />
              </conditions>
            </line>
            <line number="616" hits="152" branch="True" condition-coverage="100% (2/2)">
              <conditions>
                <condition number="7" type="jump" coverage="100%" />
              </conditions>
            </line>
            <line number="10" hits="119" branch="False" />
            <line number="12" hits="119" branch="False" />
            <line number="13" hits="119" branch="False" />
            <line number="14" hits="119" branch="False" />
            <line number="15" hits="119" branch="False" />
            <line number="19" hits="119" branch="False" />
            <line number="20" hits="119" branch="False" />
            <line number="21" hits="119" branch="False" />
            <line number="22" hits="119" branch="False" />
            <line number="23" hits="119" branch="False" />
            <line number="24" hits="119" branch="False" />
            <line number="25" hits="119" branch="False" />
            <line number="26" hits="119" branch="False" />
            <line number="28" hits="119" branch="False" />
            <line number="30" hits="119" branch="False" />
          </lines>
        </class>
        <class name="WileyCoWeb.State.RateComparisonPoint" filename="State\WorkspaceState.cs" line-rate="1" branch-rate="1" complexity="1">
          <methods>
            <method name="get_Label" signature="()" line-rate="1" branch-rate="1" complexity="1">
              <lines>
                <line number="620" hits="77" branch="False" />
              </lines>
            </method>
          </methods>
          <lines>
            <line number="620" hits="77" branch="False" />
          </lines>
        </class>
        <class name="WileyCoWeb.State.ScenarioItem" filename="State\WorkspaceState.cs" line-rate="1" branch-rate="1" complexity="6">
          <methods>
            <method name="get_Id" signature="()" line-rate="1" branch-rate="1" complexity="1">
              <lines>
                <line number="648" hits="163" branch="False" />
              </lines>
            </method>
            <method name="get_Name" signature="()" line-rate="1" branch-rate="1" complexity="1">
              <lines>
                <line number="650" hits="267" branch="False" />
              </lines>
            </method>
            <method name="get_Cost" signature="()" line-rate="1" branch-rate="1" complexity="1">
              <lines>
                <line number="652" hits="291" branch="False" />
              </lines>
            </method>
            <method name=".ctor" signature="()" line-rate="1" branch-rate="1" complexity="1">
              <lines>
                <line number="632" hits="1" branch="False" />
                <line number="634" hits="1" branch="False" />
                <line number="635" hits="1" branch="False" />
              </lines>
            </method>
            <method name=".ctor" signature="(System.String,System.Decimal)" line-rate="1" branch-rate="1" complexity="1">
              <lines>
                <line number="637" hits="3" branch="False" />
                <line number="639" hits="3" branch="False" />
              </lines>
            </method>
            <method name=".ctor" signature="(System.Guid,System.String,System.Decimal)" line-rate="1" branch-rate="1" complexity="1">
              <lines>
                <line number="641" hits="74" branch="False" />
                <line number="643" hits="74" branch="False" />
                <line number="644" hits="74" branch="False" />
                <line number="645" hits="74" branch="False" />
                <line number="646" hits="74" branch="False" />
              </lines>
            </method>
          </methods>
          <lines>
            <line number="648" hits="163" branch="False" />
            <line number="650" hits="267" branch="False" />
            <line number="652" hits="291" branch="False" />
            <line number="632" hits="1" branch="False" />
            <line number="634" hits="1" branch="False" />
            <line number="635" hits="1" branch="False" />
            <line number="637" hits="3" branch="False" />
            <line number="639" hits="3" branch="False" />
            <line number="641" hits="74" branch="False" />
            <line number="643" hits="74" branch="False" />
            <line number="644" hits="74" branch="False" />
            <line number="645" hits="74" branch="False" />
            <line number="646" hits="74" branch="False" />
          </lines>
        </class>
        <class name="WileyCoWeb.Contracts.QuickBooksImportPreviewRow" filename="Contracts\QuickBooksImportContracts.cs" line-rate="1" branch-rate="1" complexity="18">
          <methods>
            <method name="get_RowNumber" signature="()" line-rate="1" branch-rate="1" complexity="1">
              <lines>
                <line number="4" hits="20" branch="False" />
              </lines>
            </method>
            <method name="get_EntryDate" signature="()" line-rate="1" branch-rate="1" complexity="1">
              <lines>
                <line number="5" hits="20" branch="False" />
              </lines>
            </method>
            <method name="get_EntryType" signature="()" line-rate="1" branch-rate="1" complexity="1">
              <lines>
                <line number="6" hits="20" branch="False" />
              </lines>
            </method>
            <method name="get_TransactionNumber" signature="()" line-rate="1" branch-rate="1" complexity="1">
              <lines>
                <line number="7" hits="4" branch="False" />
              </lines>
            </method>
            <method name="get_Name" signature="()" line-rate="1" branch-rate="1" complexity="1">
              <lines>
                <line number="8" hits="20" branch="False" />
              </lines>
            </method>
            <method name="get_Memo" signature="()" line-rate="1" branch-rate="1" complexity="1">
              <lines>
                <line number="9" hits="4" branch="False" />
              </lines>
            </method>
            <method name="get_AccountName" signature="()" line-rate="1" branch-rate="1" complexity="1">
              <lines>
                <line number="10" hits="20" branch="False" />
              </lines>
            </method>
            <method name="get_SplitAccount" signature="()" line-rate="1" branch-rate="1" complexity="1">
              <lines>
                <line number="11" hits="4" branch="False" />
              </lines>
            </method>
            <method name="get_Amount" signature="()" line-rate="1" branch-rate="1" complexity="1">
              <lines>
                <line number="12" hits="20" branch="False" />
              </lines>
            </method>
            <method name="get_RunningBalance" signature="()" line-rate="1" branch-rate="1" complexity="1">
              <lines>
                <line number="13" hits="4" branch="False" />
              </lines>
            </method>
            <method name="get_ClearedFlag" signature="()" line-rate="1" branch-rate="1" complexity="1">
              <lines>
                <line number="14" hits="4" branch="False" />
              </lines>
            </method>
            <method name="get_IsDuplicate" signature="()" line-rate="1" branch-rate="1" complexity="1">
              <lines>
                <line number="15" hits="20" branch="False" />
              </lines>
            </method>
            <method name="get_RoutedEnterprise" signature="()" line-rate="1" branch-rate="1" complexity="1">
              <lines>
                <line number="16" hits="20" branch="False" />
              </lines>
            </method>
            <method name="get_RoutingRuleName" signature="()" line-rate="1" branch-rate="1" complexity="1">
              <lines>
                <line number="17" hits="20" branch="False" />
              </lines>
            </method>
            <method name="get_AllocationSummary" signature="()" line-rate="1" branch-rate="1" complexity="1">
              <lines>
                <line number="18" hits="20" branch="False" />
              </lines>
            </method>
            <method name="get_SourceAmount" signature="()" line-rate="1" branch-rate="1" complexity="1">
              <lines>
                <line number="19" hits="20" branch="False" />
              </lines>
            </method>
            <method name="get_RoutingReason" signature="()" line-rate="1" branch-rate="1" complexity="1">
              <lines>
                <line number="20" hits="28" branch="False" />
              </lines>
            </method>
            <method name=".ctor" signature="(System.Int32,System.String,System.String,System.String,System.String,System.String,System.String,System.String,System.Nullable`1&lt;System.Decimal&gt;,System.Nullable`1&lt;System.Decimal&gt;,System.String,System.Boolean,System.String,System.String,System.String,System.Nullable`1&lt;System.Decimal&gt;,System.String)" line-rate="1" branch-rate="1" complexity="1">
              <lines>
                <line number="3" hits="24" branch="False" />
              </lines>
            </method>
          </methods>
          <lines>
            <line number="4" hits="20" branch="False" />
            <line number="5" hits="20" branch="False" />
            <line number="6" hits="20" branch="False" />
            <line number="7" hits="4" branch="False" />
            <line number="8" hits="20" branch="False" />
            <line number="9" hits="4" branch="False" />
            <line number="10" hits="20" branch="False" />
            <line number="11" hits="4" branch="False" />
            <line number="12" hits="20" branch="False" />
            <line number="13" hits="4" branch="False" />
            <line number="14" hits="4" branch="False" />
            <line number="15" hits="20" branch="False" />
            <line number="16" hits="20" branch="False" />
            <line number="17" hits="20" branch="False" />
            <line number="18" hits="20" branch="False" />
            <line number="19" hits="20" branch="False" />
            <line number="20" hits="28" branch="False" />
            <line number="3" hits="24" branch="False" />
          </lines>
        </class>
        <class name="WileyCoWeb.Contracts.QuickBooksImportPreviewResponse" filename="Contracts\QuickBooksImportContracts.cs" line-rate="1" branch-rate="1" complexity="10">
          <methods>
            <method name="get_FileName" signature="()" line-rate="1" branch-rate="1" complexity="1">
              <lines>
                <line number="23" hits="5" branch="False" />
              </lines>
            </method>
            <method name="get_FileHash" signature="()" line-rate="1" branch-rate="1" complexity="1">
              <lines>
                <line number="24" hits="2" branch="False" />
              </lines>
            </method>
            <method name="get_SelectedEnterprise" signature="()" line-rate="1" branch-rate="1" complexity="1">
              <lines>
                <line number="25" hits="5" branch="False" />
              </lines>
            </method>
            <method name="get_SelectedFiscalYear" signature="()" line-rate="1" branch-rate="1" complexity="1">
              <lines>
[...]
                <line number="128" hits="1" branch="False" />
                <line number="129" hits="1" branch="False" />
                <line number="130" hits="1" branch="False" />
                <line number="131" hits="1" branch="False" />
                <line number="133" hits="1" branch="False" />
                <line number="135" hits="1" branch="True" condition-coverage="50% (1/2)">
                  <conditions>
                    <condition number="312" type="jump" coverage="50%" />
                  </conditions>
                </line>
                <line number="137" hits="0" branch="True" condition-coverage="0% (0/2)">
                  <conditions>
                    <condition number="321" type="jump" coverage="0%" />
                  </conditions>
                </line>
                <line number="138" hits="0" branch="False" />
                <line number="141" hits="1" branch="True" condition-coverage="50% (1/2)">
                  <conditions>
                    <condition number="374" type="jump" coverage="50%" />
                  </conditions>
                </line>
                <line number="142" hits="1" branch="False" />
                <line number="143" hits="1" branch="False" />
              </lines>
            </method>
          </methods>
          <lines>
            <line number="127" hits="1" branch="False" />
            <line number="128" hits="1" branch="False" />
            <line number="129" hits="1" branch="False" />
            <line number="130" hits="1" branch="False" />
            <line number="131" hits="1" branch="False" />
            <line number="133" hits="1" branch="False" />
            <line number="135" hits="1" branch="True" condition-coverage="50% (1/2)">
              <conditions>
                <condition number="312" type="jump" coverage="50%" />
              </conditions>
            </line>
            <line number="137" hits="0" branch="True" condition-coverage="0% (0/2)">
              <conditions>
                <condition number="321" type="jump" coverage="0%" />
              </conditions>
            </line>
            <line number="138" hits="0" branch="False" />
            <line number="141" hits="1" branch="True" condition-coverage="50% (1/2)">
              <conditions>
                <condition number="374" type="jump" coverage="50%" />
              </conditions>
            </line>
            <line number="142" hits="1" branch="False" />
            <line number="143" hits="1" branch="False" />
          </lines>
        </class>
        <class name="WileyCoWeb.Services.WorkspaceSnapshotApiService/&lt;GetScenariosAsync&gt;d__6" filename="Services\WorkspaceSnapshotApiService.cs" line-rate="1" branch-rate="0.5" complexity="6">
          <methods>
            <method name="MoveNext" signature="()" line-rate="1" branch-rate="0.5" complexity="6">
              <lines>
                <line number="64" hits="25" branch="False" />
                <line number="65" hits="25" branch="True" condition-coverage="50% (1/2)">
                  <conditions>
                    <condition number="45" type="jump" coverage="50%" />
                  </conditions>
                </line>
                <line number="66" hits="25" branch="True" condition-coverage="50% (1/2)">
                  <conditions>
                    <condition number="239" type="jump" coverage="50%" />
                  </conditions>
                </line>
                <line number="67" hits="25" branch="False" />
                <line number="68" hits="25" branch="False" />
                <line number="69" hits="25" branch="False" />
                <line number="71" hits="25" branch="False" />
                <line number="73" hits="23" branch="True" condition-coverage="50% (1/2)">
                  <conditions>
                    <condition number="261" type="jump" coverage="50%" />
                  </conditions>
                </line>
                <line number="74" hits="23" branch="False" />
                <line number="75" hits="23" branch="False" />
              </lines>
            </method>
          </methods>
          <lines>
            <line number="64" hits="25" branch="False" />
            <line number="65" hits="25" branch="True" condition-coverage="50% (1/2)">
              <conditions>
                <condition number="45" type="jump" coverage="50%" />
              </conditions>
            </line>
            <line number="66" hits="25" branch="True" condition-coverage="50% (1/2)">
              <conditions>
                <condition number="239" type="jump" coverage="50%" />
              </conditions>
            </line>
            <line number="67" hits="25" branch="False" />
            <line number="68" hits="25" branch="False" />
            <line number="69" hits="25" branch="False" />
            <line number="71" hits="25" branch="False" />
            <line number="73" hits="23" branch="True" condition-coverage="50% (1/2)">
              <conditions>
                <condition number="261" type="jump" coverage="50%" />
              </conditions>
            </line>
            <line number="74" hits="23" branch="False" />
            <line number="75" hits="23" branch="False" />
          </lines>
        </class>
        <class name="WileyCoWeb.Services.WorkspaceSnapshotApiService/&lt;GetWorkspaceSnapshotAsync&gt;d__4" filename="Services\WorkspaceSnapshotApiService.cs" line-rate="1" branch-rate="0.625" complexity="8">
          <methods>
            <method name="MoveNext" signature="()" line-rate="1" branch-rate="0.625" complexity="8">
              <lines>
                <line number="19" hits="10" branch="False" />
                <line number="20" hits="10" branch="True" condition-coverage="50% (1/2)">
                  <conditions>
                    <condition number="50" type="jump" coverage="50%" />
                  </conditions>
                </line>
                <line number="21" hits="10" branch="False" />
                <line number="22" hits="10" branch="False" />
                <line number="23" hits="10" branch="False" />
                <line number="24" hits="10" branch="False" />
                <line number="26" hits="10" branch="False" />
                <line number="28" hits="7" branch="True" condition-coverage="100% (2/2)">
                  <conditions>
                    <condition number="266" type="jump" coverage="100%" />
                  </conditions>
                </line>
                <line number="30" hits="1" branch="True" condition-coverage="50% (1/2)">
                  <conditions>
                    <condition number="275" type="jump" coverage="50%" />
                  </conditions>
                </line>
                <line number="31" hits="1" branch="False" />
                <line number="34" hits="6" branch="True" condition-coverage="50% (1/2)">
                  <conditions>
                    <condition number="323" type="jump" coverage="50%" />
                  </conditions>
                </line>
                <line number="35" hits="6" branch="False" />
                <line number="36" hits="6" branch="False" />
              </lines>
            </method>
          </methods>
          <lines>
            <line number="19" hits="10" branch="False" />
            <line number="20" hits="10" branch="True" condition-coverage="50% (1/2)">
              <conditions>
                <condition number="50" type="jump" coverage="50%" />
              </conditions>
            </line>
            <line number="21" hits="10" branch="False" />
            <line number="22" hits="10" branch="False" />
            <line number="23" hits="10" branch="False" />
            <line number="24" hits="10" branch="False" />
            <line number="26" hits="10" branch="False" />
            <line number="28" hits="7" branch="True" condition-coverage="100% (2/2)">
              <conditions>
                <condition number="266" type="jump" coverage="100%" />
              </conditions>
            </line>
            <line number="30" hits="1" branch="True" condition-coverage="50% (1/2)">
              <conditions>
                <condition number="275" type="jump" coverage="50%" />
              </conditions>
            </line>
            <line number="31" hits="1" branch="False" />
            <line number="34" hits="6" branch="True" condition-coverage="50% (1/2)">
              <conditions>
                <condition number="323" type="jump" coverage="50%" />
              </conditions>
            </line>
            <line number="35" hits="6" branch="False" />
            <line number="36" hits="6" branch="False" />
          </lines>
        </class>
        <class name="WileyCoWeb.Services.WorkspaceSnapshotApiService/&lt;SaveRateSnapshotAsync&gt;d__5" filename="Services\WorkspaceSnapshotApiService.cs" line-rate="1" branch-rate="0.625" complexity="8">
          <methods>
            <method name="MoveNext" signature="()" line-rate="1" branch-rate="0.625" complexity="8">
              <lines>
                <line number="40" hits="6" branch="False" />
                <line number="42" hits="5" branch="True" condition-coverage="50% (1/2)">
                  <conditions>
                    <condition number="43" type="jump" coverage="50%" />
                  </conditions>
                </line>
                <line number="43" hits="5" branch="False" />
                <line number="44" hits="5" branch="False" />
                <line number="45" hits="5" branch="False" />
                <line number="46" hits="5" branch="False" />
                <line number="47" hits="5" branch="False" />
                <line number="48" hits="5" branch="False" />
                <line number="50" hits="5" branch="False" />
                <line number="52" hits="4" branch="True" condition-coverage="100% (2/2)">
                  <conditions>
                    <condition number="263" type="jump" coverage="100%" />
                  </conditions>
                </line>
                <line number="54" hits="1" branch="True" condition-coverage="50% (1/2)">
                  <conditions>
                    <condition number="272" type="jump" coverage="50%" />
                  </conditions>
                </line>
                <line number="55" hits="1" branch="False" />
                <line number="58" hits="3" branch="True" condition-coverage="50% (1/2)">
                  <conditions>
                    <condition number="310" type="jump" coverage="50%" />
                  </conditions>
                </line>
                <line number="59" hits="3" branch="False" />
                <line number="60" hits="3" branch="False" />
              </lines>
            </method>
          </methods>
          <lines>
            <line number="40" hits="6" branch="False" />
            <line number="42" hits="5" branch="True" condition-coverage="50% (1/2)">
              <conditions>
                <condition number="43" type="jump" coverage="50%" />
              </conditions>
            </line>
            <line number="43" hits="5" branch="False" />
            <line number="44" hits="5" branch="False" />
            <line number="45" hits="5" branch="False" />
            <line number="46" hits="5" branch="False" />
            <line number="47" hits="5" branch="False" />
            <line number="48" hits="5" branch="False" />
            <line number="50" hits="5" branch="False" />
            <line number="52" hits="4" branch="True" condition-coverage="100% (2/2)">
              <conditions>
                <condition number="263" type="jump" coverage="100%" />
              </conditions>
            </line>
            <line number="54" hits="1" branch="True" condition-coverage="50% (1/2)">
              <conditions>
                <condition number="272" type="jump" coverage="50%" />
              </conditions>
            </line>
            <line number="55" hits="1" branch="False" />
            <line number="58" hits="3" branch="True" condition-coverage="50% (1/2)">
              <conditions>
                <condition number="310" type="jump" coverage="50%" />
              </conditions>
            </line>
            <line number="59" hits="3" branch="False" />
            <line number="60" hits="3" branch="False" />
          </lines>
        </class>
        <class name="WileyCoWeb.Services.WorkspaceSnapshotApiService/&lt;SaveScenarioAsync&gt;d__7" filename="Services\WorkspaceSnapshotApiService.cs" line-rate="0.8665999999999999" branch-rate="0.375" complexity="8">
          <methods>
            <method name="MoveNext" signature="()" line-rate="0.8665999999999999" branch-rate="0.375" complexity="8">
              <lines>
                <line number="79" hits="2" branch="False" />
                <line number="81" hits="2" branch="True" condition-coverage="50% (1/2)">
                  <conditions>
                    <condition number="43" type="jump" coverage="50%" />
                  </conditions>
                </line>
                <line number="82" hits="2" branch="False" />
                <line number="83" hits="2" branch="False" />
                <line number="84" hits="2" branch="False" />
                <line number="85" hits="2" branch="False" />
                <line number="86" hits="2" branch="False" />
                <line number="87" hits="2" branch="False" />
                <line number="89" hits="2" branch="False" />
                <line number="91" hits="1" branch="True" condition-coverage="50% (1/2)">
                  <conditions>
                    <condition number="301" type="jump" coverage="50%" />
                  </conditions>
                </line>
                <line number="93" hits="0" branch="True" condition-coverage="0% (0/2)">
                  <conditions>
                    <condition number="310" type="jump" coverage="0%" />
                  </conditions>
                </line>
                <line number="94" hits="0" branch="False" />
                <line number="97" hits="1" branch="True" condition-coverage="50% (1/2)">
                  <conditions>
                    <condition number="348" type="jump" coverage="50%" />
                  </conditions>
                </line>
                <line number="98" hits="1" branch="False" />
                <line number="99" hits="1" branch="False" />
              </lines>
            </method>
          </methods>
          <lines>
            <line number="79" hits="2" branch="False" />
            <line number="81" hits="2" branch="True" condition-coverage="50% (1/2)">
              <conditions>
                <condition number="43" type="jump" coverage="50%" />
              </conditions>
            </line>
            <line number="82" hits="2" branch="False" />
            <line number="83" hits="2" branch="False" />
            <line number="84" hits="2" branch="False" />
            <line number="85" hits="2" branch="False" />
            <line number="86" hits="2" branch="False" />
            <line number="87" hits="2" branch="False" />
            <line number="89" hits="2" branch="False" />
            <line number="91" hits="1" branch="True" condition-coverage="50% (1/2)">
              <conditions>
                <condition number="301" type="jump" coverage="50%" />
              </conditions>
            </line>
            <line number="93" hits="0" branch="True" condition-coverage="0% (0/2)">
              <conditions>
                <condition number="310" type="jump" coverage="0%" />
              </conditions>
            </line>
            <line number="94" hits="0" branch="False" />
            <line number="97" hits="1" branch="True" condition-coverage="50% (1/2)">
              <conditions>
                <condition number="348" type="jump" coverage="50%" />
              </conditions>
            </line>
            <line number="98" hits="1" branch="False" />
            <line number="99" hits="1" branch="False" />
          </lines>
        </class>
        <class name="WileyCoWeb.Services.WorkspaceSnapshotApiService/&lt;SaveWorkspaceBaselineAsync&gt;d__8" filename="Services\WorkspaceSnapshotApiService.cs" line-rate="0.8665999999999999" branch-rate="0.375" complexity="8">
          <methods>
            <method name="MoveNext" signature="()" line-rate="0.8665999999999999" branch-rate="0.375" complexity="8">
              <lines>
                <line number="103" hits="3" branch="False" />
                <line number="105" hits="3" branch="True" condition-coverage="50% (1/2)">
                  <conditions>
                    <condition number="43" type="jump" coverage="50%" />
                  </conditions>
                </line>
                <line number="106" hits="3" branch="False" />
                <line number="107" hits="3" branch="False" />
                <line number="108" hits="3" branch="False" />
                <line number="109" hits="3" branch="False" />
                <line number="110" hits="3" branch="False" />
                <line number="111" hits="3" branch="False" />
                <line number="113" hits="3" branch="False" />
                <line number="115" hits="3" branch="True" condition-coverage="50% (1/2)">
                  <conditions>
                    <condition number="277" type="jump" coverage="50%" />
                  </conditions>
                </line>
                <line number="117" hits="0" branch="True" condition-coverage="0% (0/2)">
                  <conditions>
                    <condition number="286" type="jump" coverage="0%" />
                  </conditions>
                </line>
                <line number="118" hits="0" branch="False" />
                <line number="121" hits="3" branch="True" condition-coverage="50% (1/2)">
                  <conditions>
                    <condition number="324" type="jump" coverage="50%" />
                  </conditions>
                </line>
                <line number="122" hits="3" branch="False" />
                <line number="123" hits="3" branch="False" />
              </lines>
            </method>
          </methods>
          <lines>
            <line number="103" hits="3" branch="False" />
            <line number="105" hits="3" branch="True" condition-coverage="50% (1/2)">
              <conditions>
                <condition number="43" type="jump" coverage="50%" />
              </conditions>
            </line>
            <line number="106" hits="3" branch="False" />
            <line number="107" hits="3" branch="False" />
            <line number="108" hits="3" branch="False" />
            <line number="109" hits="3" branch="False" />
            <line number="110" hits="3" branch="False" />
            <line number="111" hits="3" branch="False" />
            <line number="113" hits="3" branch="False" />
            <line number="115" hits="3" branch="True" condition-coverage="50% (1/2)">
              <conditions>
                <condition number="277" type="jump" coverage="50%" />
              </conditions>
            </line>
            <line number="117" hits="0" branch="True" condition-coverage="0% (0/2)">
              <conditions>
                <condition number="286" type="jump" coverage="0%" />
              </conditions>
            </line>
            <line number="118" hits="0" branch="False" />
            <line number="121" hits="3" branch="True" condition-coverage="50% (1/2)">
              <conditions>
                <condition number="324" type="jump" coverage="50%" />
              </conditions>
            </line>
            <line number="122" hits="3" branch="False" />
            <line number="123" hits="3" branch="False" />
          </lines>
        </class>
      </classes>
    </package>
  </packages>
</coverage>